Loading required package: SingleCellExperiment
Loading required package: SummarizedExperiment
Loading required package: GenomicRanges
Loading required package: stats4
Loading required package: BiocGenerics
Loading required package: parallel

Attaching package: ‘BiocGenerics’

The following objects are masked from ‘package:parallel’:

    clusterApply, clusterApplyLB, clusterCall, clusterEvalQ,
    clusterExport, clusterMap, parApply, parCapply, parLapply,
    parLapplyLB, parRapply, parSapply, parSapplyLB

The following objects are masked from ‘package:stats’:

    IQR, mad, sd, var, xtabs

The following objects are masked from ‘package:base’:

    anyDuplicated, append, as.data.frame, basename, cbind, colnames,
    dirname, do.call, duplicated, eval, evalq, Filter, Find, get, grep,
    grepl, intersect, is.unsorted, lapply, Map, mapply, match, mget,
    order, paste, pmax, pmax.int, pmin, pmin.int, Position, rank,
    rbind, Reduce, rownames, sapply, setdiff, sort, table, tapply,
    union, unique, unsplit, which, which.max, which.min

Loading required package: S4Vectors

Attaching package: ‘S4Vectors’

The following object is masked from ‘package:base’:

    expand.grid

Loading required package: IRanges
Loading required package: GenomeInfoDb
Loading required package: Biobase
Welcome to Bioconductor

    Vignettes contain introductory material; view with
    'browseVignettes()'. To cite Bioconductor, see
    'citation("Biobase")', and for packages 'citation("pkgname")'.

Loading required package: DelayedArray
Loading required package: matrixStats

Attaching package: ‘matrixStats’

The following objects are masked from ‘package:Biobase’:

    anyMissing, rowMedians

Loading required package: BiocParallel

Attaching package: ‘DelayedArray’

The following objects are masked from ‘package:matrixStats’:

    colMaxs, colMins, colRanges, rowMaxs, rowMins, rowRanges

The following objects are masked from ‘package:base’:

    aperm, apply, rowsum

Loading required package: ggplot2
Warning message:
package ‘ggplot2’ was built under R version 3.6.3 

Attaching package: ‘DESeq2’

The following object is masked from ‘package:scater’:

    fpkm

── Attaching packages ─────────────────────────────────────── tidyverse 1.3.0 ──
✔ tibble  3.1.0     ✔ dplyr   1.0.5
✔ tidyr   1.1.3     ✔ stringr 1.4.0
✔ readr   1.4.0     ✔ forcats 0.5.1
✔ purrr   0.3.4     
── Conflicts ────────────────────────────────────────── tidyverse_conflicts() ──
✖ dplyr::collapse()   masks IRanges::collapse()
✖ dplyr::combine()    masks Biobase::combine(), BiocGenerics::combine()
✖ dplyr::count()      masks matrixStats::count()
✖ dplyr::desc()       masks IRanges::desc()
✖ tidyr::expand()     masks S4Vectors::expand()
✖ dplyr::filter()     masks stats::filter()
✖ dplyr::first()      masks S4Vectors::first()
✖ dplyr::lag()        masks stats::lag()
✖ ggplot2::Position() masks BiocGenerics::Position(), base::Position()
✖ purrr::reduce()     masks GenomicRanges::reduce(), IRanges::reduce()
✖ dplyr::rename()     masks S4Vectors::rename()
✖ purrr::simplify()   masks DelayedArray::simplify()
✖ dplyr::slice()      masks IRanges::slice()
Warning messages:
1: package ‘tidyverse’ was built under R version 3.6.3 
2: package ‘readr’ was built under R version 3.6.3 
3: package ‘purrr’ was built under R version 3.6.3 
4: package ‘stringr’ was built under R version 3.6.3 
5: package ‘forcats’ was built under R version 3.6.3 
